<?xml version="1.0" encoding="UTF-8"?>
<testsuite name="com.example.jpm.librarydemo.ExampleUnitTest" tests="1" skipped="0" failures="0" errors="0" timestamp="2018-07-06T10:08:01" hostname="DESKTOP-MFL0G56" time="0.0">
  <properties/>
  <testcase name="addition_isCorrect" classname="com.example.jpm.librarydemo.ExampleUnitTest" time="0.0"/>
  <system-out><![CDATA[]]></system-out>
  <system-err><![CDATA[]]></system-err>
</testsuite>
